{
  "numFailedTestSuites": 0,
  "numFailedTests": 0,
  "numPassedTestSuites": 1,
  "numPassedTests": 1,
  "numPendingTestSuites": 0,
  "numPendingTests": 70,
  "numRuntimeErrorTestSuites": 0,
  "numTodoTests": 0,
  "numTotalTestSuites": 1,
  "numTotalTests": 71,
  "openHandles": [],
  "snapshot": {
    "added": 0,
    "didUpdate": false,
    "failure": false,
    "filesAdded": 0,
    "filesRemoved": 0,
    "filesRemovedList": [],
    "filesUnmatched": 0,
    "filesUpdated": 0,
    "matched": 0,
    "total": 0,
    "unchecked": 0,
    "uncheckedKeysByFile": [],
    "unmatched": 0,
    "updated": 0
  },
  "startTime": 1633004275624,
  "success": false,
  "testResults": [
    {
      "leaks": false,
      "numFailingTests": 0,
      "numPassingTests": 1,
      "numPendingTests": 70,
      "numTodoTests": 0,
      "openHandles": [],
      "perfStats": {
        "end": 1633004279621,
        "runtime": 3879,
        "slow": false,
        "start": 1633004275742
      },
      "skipped": false,
      "snapshot": {
        "added": 0,
        "fileDeleted": false,
        "matched": 0,
        "unchecked": 0,
        "uncheckedKeys": [],
        "unmatched": 0,
        "updated": 0
      },
      "testFilePath": "C:\\Users\\macwin\\Desktop\\dubai\\apiAuto-master\\apiTesting\\brands\\dubai.test.js",
      "testResults": [
        {
          "ancestorTitles": [
            "Suite 1: Register"
          ],
          "duration": null,
          "failureDetails": [],
          "failureMessages": [],
          "fullName": "Suite 1: Register TC1.1: Verify with username",
          "invocations": 1,
          "location": null,
          "numPassingAsserts": 0,
          "status": "pending",
          "title": "TC1.1: Verify with username"
        },
        {
          "ancestorTitles": [
            "Suite 1: Register"
          ],
          "duration": null,
          "failureDetails": [],
          "failureMessages": [],
          "fullName": "Suite 1: Register TC1.2: Register account successfully",
          "invocations": 1,
          "location": null,
          "numPassingAsserts": 0,
          "status": "pending",
          "title": "TC1.2: Register account successfully"
        },
        {
          "ancestorTitles": [
            "Suite 2: Login and create Cookies Sessions"
          ],
          "duration": null,
          "failureDetails": [],
          "failureMessages": [],
          "fullName": "Suite 2: Login and create Cookies Sessions TC2.1: Forgot/Reset Password - Verify email",
          "invocations": 1,
          "location": null,
          "numPassingAsserts": 0,
          "status": "pending",
          "title": "TC2.1: Forgot/Reset Password - Verify email"
        },
        {
          "ancestorTitles": [
            "Suite 2: Login and create Cookies Sessions"
          ],
          "duration": null,
          "failureDetails": [],
          "failureMessages": [],
          "fullName": "Suite 2: Login and create Cookies Sessions TC2.2: Forgot/Reset Password - Success with correct email",
          "invocations": 1,
          "location": null,
          "numPassingAsserts": 0,
          "status": "pending",
          "title": "TC2.2: Forgot/Reset Password - Success with correct email"
        },
        {
          "ancestorTitles": [
            "Suite 2: Login and create Cookies Sessions"
          ],
          "duration": null,
          "failureDetails": [],
          "failureMessages": [],
          "fullName": "Suite 2: Login and create Cookies Sessions TC2.3: Check login with invalid user",
          "invocations": 1,
          "location": null,
          "numPassingAsserts": 0,
          "status": "pending",
          "title": "TC2.3: Check login with invalid user"
        },
        {
          "ancestorTitles": [
            "Suite 2: Login and create Cookies Sessions"
          ],
          "duration": null,
          "failureDetails": [],
          "failureMessages": [],
          "fullName": "Suite 2: Login and create Cookies Sessions TC2.6: Check login with valid user",
          "invocations": 1,
          "location": null,
          "numPassingAsserts": 0,
          "status": "pending",
          "title": "TC2.6: Check login with valid user"
        },
        {
          "ancestorTitles": [
            "Suite 12: MORE APIs"
          ],
          "duration": null,
          "failureDetails": [],
          "failureMessages": [],
          "fullName": "Suite 12: MORE APIs TC12.1: tintuc",
          "invocations": 1,
          "location": null,
          "numPassingAsserts": 0,
          "status": "pending",
          "title": "TC12.1: tintuc"
        },
        {
          "ancestorTitles": [
            "Suite 12: MORE APIs"
          ],
          "duration": null,
          "failureDetails": [],
          "failureMessages": [],
          "fullName": "Suite 12: MORE APIs TC12.2: taisaochonchungtoi",
          "invocations": 1,
          "location": null,
          "numPassingAsserts": 0,
          "status": "pending",
          "title": "TC12.2: taisaochonchungtoi"
        },
        {
          "ancestorTitles": [
            "Suite 12: MORE APIs"
          ],
          "duration": null,
          "failureDetails": [],
          "failureMessages": [],
          "fullName": "Suite 12: MORE APIs TC12.3: soikeonhacaihomnay",
          "invocations": 1,
          "location": null,
          "numPassingAsserts": 0,
          "status": "pending",
          "title": "TC12.3: soikeonhacaihomnay"
        },
        {
          "ancestorTitles": [
            "Suite 12: MORE APIs"
          ],
          "duration": null,
          "failureDetails": [],
          "failureMessages": [],
          "fullName": "Suite 12: MORE APIs TC12.4: dieukhoanvadieukien",
          "invocations": 1,
          "location": null,
          "numPassingAsserts": 0,
          "status": "pending",
          "title": "TC12.4: dieukhoanvadieukien"
        },
        {
          "ancestorTitles": [
            "Suite 12: MORE APIs"
          ],
          "duration": null,
          "failureDetails": [],
          "failureMessages": [],
          "fullName": "Suite 12: MORE APIs TC12.5: keochaua",
          "invocations": 1,
          "location": null,
          "numPassingAsserts": 0,
          "status": "pending",
          "title": "TC12.5: keochaua"
        },
        {
          "ancestorTitles": [
            "Suite 12: MORE APIs"
          ],
          "duration": null,
          "failureDetails": [],
          "failureMessages": [],
          "fullName": "Suite 12: MORE APIs TC12.6: keochauau",
          "invocations": 1,
          "location": null,
          "numPassingAsserts": 0,
          "status": "pending",
          "title": "TC12.6: keochauau"
        },
        {
          "ancestorTitles": [
            "Suite 12: MORE APIs"
          ],
          "duration": null,
          "failureDetails": [],
          "failureMessages": [],
          "fullName": "Suite 12: MORE APIs TC12.7: nhungcauhoithuonggap",
          "invocations": 1,
          "location": null,
          "numPassingAsserts": 0,
          "status": "pending",
          "title": "TC12.7: nhungcauhoithuonggap"
        },
        {
          "ancestorTitles": [
            "Suite 12: MORE APIs"
          ],
          "duration": null,
          "failureDetails": [],
          "failureMessages": [],
          "fullName": "Suite 12: MORE APIs TC12.8: gioithieu",
          "invocations": 1,
          "location": null,
          "numPassingAsserts": 0,
          "status": "pending",
          "title": "TC12.8: gioithieu"
        },
        {
          "ancestorTitles": [
            "Suite 12: MORE APIs"
          ],
          "duration": null,
          "failureDetails": [],
          "failureMessages": [],
          "fullName": "Suite 12: MORE APIs TC12.9: chinhsachbaomat",
          "invocations": 1,
          "location": null,
          "numPassingAsserts": 0,
          "status": "pending",
          "title": "TC12.9: chinhsachbaomat"
        },
        {
          "ancestorTitles": [
            "Suite 12: MORE APIs"
          ],
          "duration": null,
          "failureDetails": [],
          "failureMessages": [],
          "fullName": "Suite 12: MORE APIs TC12.10: huongdannaptien",
          "invocations": 1,
          "location": null,
          "numPassingAsserts": 0,
          "status": "pending",
          "title": "TC12.10: huongdannaptien"
        },
        {
          "ancestorTitles": [
            "Suite 12: MORE APIs"
          ],
          "duration": null,
          "failureDetails": [],
          "failureMessages": [],
          "fullName": "Suite 12: MORE APIs TC12.11: huongdanruttien",
          "invocations": 1,
          "location": null,
          "numPassingAsserts": 0,
          "status": "pending",
          "title": "TC12.11: huongdanruttien"
        },
        {
          "ancestorTitles": [
            "Suite 12: MORE APIs"
          ],
          "duration": null,
          "failureDetails": [],
          "failureMessages": [],
          "fullName": "Suite 12: MORE APIs TC12.12: huongdancacuoc",
          "invocations": 1,
          "location": null,
          "numPassingAsserts": 0,
          "status": "pending",
          "title": "TC12.12: huongdancacuoc"
        },
        {
          "ancestorTitles": [
            "Suite 12: MORE APIs"
          ],
          "duration": null,
          "failureDetails": [],
          "failureMessages": [],
          "fullName": "Suite 12: MORE APIs TC12.13: hotmatch",
          "invocations": 1,
          "location": null,
          "numPassingAsserts": 0,
          "status": "pending",
          "title": "TC12.13: hotmatch"
        },
        {
          "ancestorTitles": [
            "Suite 12: MORE APIs"
          ],
          "duration": null,
          "failureDetails": [],
          "failureMessages": [],
          "fullName": "Suite 12: MORE APIs TC12.14: whitelist",
          "invocations": 1,
          "location": null,
          "numPassingAsserts": 0,
          "status": "pending",
          "title": "TC12.14: whitelist"
        },
        {
          "ancestorTitles": [
            "Suite 12: MORE APIs"
          ],
          "duration": null,
          "failureDetails": [],
          "failureMessages": [],
          "fullName": "Suite 12: MORE APIs TC12.15: download",
          "invocations": 1,
          "location": null,
          "numPassingAsserts": 0,
          "status": "pending",
          "title": "TC12.15: download"
        },
        {
          "ancestorTitles": [
            "Suite 12: MORE APIs"
          ],
          "duration": null,
          "failureDetails": [],
          "failureMessages": [],
          "fullName": "Suite 12: MORE APIs TC12.16: favorites",
          "invocations": 1,
          "location": null,
          "numPassingAsserts": 0,
          "status": "pending",
          "title": "TC12.16: favorites"
        },
        {
          "ancestorTitles": [
            "Suite 13: SPORT"
          ],
          "duration": null,
          "failureDetails": [],
          "failureMessages": [],
          "fullName": "Suite 13: SPORT TC13.1: psport",
          "invocations": 1,
          "location": null,
          "numPassingAsserts": 0,
          "status": "pending",
          "title": "TC13.1: psport"
        },
        {
          "ancestorTitles": [
            "Suite 13: SPORT"
          ],
          "duration": null,
          "failureDetails": [],
          "failureMessages": [],
          "fullName": "Suite 13: SPORT TC13.2: csport",
          "invocations": 1,
          "location": null,
          "numPassingAsserts": 0,
          "status": "pending",
          "title": "TC13.2: csport"
        },
        {
          "ancestorTitles": [
            "Suite 13: SPORT"
          ],
          "duration": null,
          "failureDetails": [],
          "failureMessages": [],
          "fullName": "Suite 13: SPORT TC13.3: ksport",
          "invocations": 1,
          "location": null,
          "numPassingAsserts": 0,
          "status": "pending",
          "title": "TC13.3: ksport"
        },
        {
          "ancestorTitles": [
            "Suite 13: SPORT"
          ],
          "duration": null,
          "failureDetails": [],
          "failureMessages": [],
          "fullName": "Suite 13: SPORT TC13.4: ssport",
          "invocations": 1,
          "location": null,
          "numPassingAsserts": 0,
          "status": "pending",
          "title": "TC13.4: ssport"
        },
        {
          "ancestorTitles": [
            "Suite 14: GAMES"
          ],
          "duration": null,
          "failureDetails": [],
          "failureMessages": [],
          "fullName": "Suite 14: GAMES TC14.1: live casino",
          "invocations": 1,
          "location": null,
          "numPassingAsserts": 0,
          "status": "pending",
          "title": "TC14.1: live casino"
        },
        {
          "ancestorTitles": [
            "Suite 14: GAMES"
          ],
          "duration": null,
          "failureDetails": [],
          "failureMessages": [],
          "fullName": "Suite 14: GAMES TC14.2: gamebai",
          "invocations": 1,
          "location": null,
          "numPassingAsserts": 0,
          "status": "pending",
          "title": "TC14.2: gamebai"
        },
        {
          "ancestorTitles": [
            "Suite 14: GAMES"
          ],
          "duration": null,
          "failureDetails": [],
          "failureMessages": [],
          "fullName": "Suite 14: GAMES TC14.3: keno",
          "invocations": 1,
          "location": null,
          "numPassingAsserts": 0,
          "status": "pending",
          "title": "TC14.3: keno"
        },
        {
          "ancestorTitles": [
            "Suite 14: GAMES"
          ],
          "duration": null,
          "failureDetails": [],
          "failureMessages": [],
          "fullName": "Suite 14: GAMES TC14.4: lode",
          "invocations": 1,
          "location": null,
          "numPassingAsserts": 0,
          "status": "pending",
          "title": "TC14.4: lode"
        },
        {
          "ancestorTitles": [
            "Suite 14: GAMES"
          ],
          "duration": null,
          "failureDetails": [],
          "failureMessages": [],
          "fullName": "Suite 14: GAMES TC14.5: lodesieutoc",
          "invocations": 1,
          "location": null,
          "numPassingAsserts": 0,
          "status": "pending",
          "title": "TC14.5: lodesieutoc"
        },
        {
          "ancestorTitles": [
            "Suite 14: GAMES"
          ],
          "duration": null,
          "failureDetails": [],
          "failureMessages": [],
          "fullName": "Suite 14: GAMES TC14.6: quaysomunich",
          "invocations": 1,
          "location": null,
          "numPassingAsserts": 0,
          "status": "pending",
          "title": "TC14.6: quaysomunich"
        },
        {
          "ancestorTitles": [
            "Suite 14: GAMES"
          ],
          "duration": null,
          "failureDetails": [],
          "failureMessages": [],
          "fullName": "Suite 14: GAMES TC14.7: quaysoberlin",
          "invocations": 1,
          "location": null,
          "numPassingAsserts": 0,
          "status": "pending",
          "title": "TC14.7: quaysoberlin"
        },
        {
          "ancestorTitles": [
            "Suite 14: GAMES"
          ],
          "duration": null,
          "failureDetails": [],
          "failureMessages": [],
          "fullName": "Suite 14: GAMES TC14.8: quaysoatom",
          "invocations": 1,
          "location": null,
          "numPassingAsserts": 0,
          "status": "pending",
          "title": "TC14.8: quaysoatom"
        },
        {
          "ancestorTitles": [
            "Suite 14: GAMES"
          ],
          "duration": null,
          "failureDetails": [],
          "failureMessages": [],
          "fullName": "Suite 14: GAMES TC14.9: banca",
          "invocations": 1,
          "location": null,
          "numPassingAsserts": 0,
          "status": "pending",
          "title": "TC14.9: banca"
        },
        {
          "ancestorTitles": [
            "Suite 14: GAMES"
          ],
          "duration": null,
          "failureDetails": [],
          "failureMessages": [],
          "fullName": "Suite 14: GAMES TC14.10: congame",
          "invocations": 1,
          "location": null,
          "numPassingAsserts": 0,
          "status": "pending",
          "title": "TC14.10: congame"
        },
        {
          "ancestorTitles": [
            "Suite 14: GAMES"
          ],
          "duration": null,
          "failureDetails": [],
          "failureMessages": [],
          "fullName": "Suite 14: GAMES TC14.11: ingame",
          "invocations": 1,
          "location": null,
          "numPassingAsserts": 0,
          "status": "pending",
          "title": "TC14.11: ingame"
        },
        {
          "ancestorTitles": [
            "Suite 16: Game Providers"
          ],
          "duration": null,
          "failureDetails": [],
          "failureMessages": [],
          "fullName": "Suite 16: Game Providers TC16.1: allproviders",
          "invocations": 1,
          "location": null,
          "numPassingAsserts": 0,
          "status": "pending",
          "title": "TC16.1: allproviders"
        },
        {
          "ancestorTitles": [
            "Suite 3: Deposit Internet Banking"
          ],
          "duration": null,
          "failureDetails": [],
          "failureMessages": [],
          "fullName": "Suite 3: Deposit Internet Banking TC3.1: ibanking - ACB",
          "invocations": 1,
          "location": null,
          "numPassingAsserts": 0,
          "status": "pending",
          "title": "TC3.1: ibanking - ACB"
        },
        {
          "ancestorTitles": [
            "Suite 3: Deposit Internet Banking"
          ],
          "duration": null,
          "failureDetails": [],
          "failureMessages": [],
          "fullName": "Suite 3: Deposit Internet Banking TC3.2: ibanking - BIDV",
          "invocations": 1,
          "location": null,
          "numPassingAsserts": 0,
          "status": "pending",
          "title": "TC3.2: ibanking - BIDV"
        },
        {
          "ancestorTitles": [
            "Suite 3: Deposit Internet Banking"
          ],
          "duration": null,
          "failureDetails": [],
          "failureMessages": [],
          "fullName": "Suite 3: Deposit Internet Banking TC3.3: ibanking - Vietinbank",
          "invocations": 1,
          "location": null,
          "numPassingAsserts": 0,
          "status": "pending",
          "title": "TC3.3: ibanking - Vietinbank"
        },
        {
          "ancestorTitles": [
            "Suite 3: Deposit Internet Banking"
          ],
          "duration": null,
          "failureDetails": [],
          "failureMessages": [],
          "fullName": "Suite 3: Deposit Internet Banking TC3.4: ibanking - Vietcombank",
          "invocations": 1,
          "location": null,
          "numPassingAsserts": 0,
          "status": "pending",
          "title": "TC3.4: ibanking - Vietcombank"
        },
        {
          "ancestorTitles": [
            "Suite 3: Deposit Internet Banking"
          ],
          "duration": null,
          "failureDetails": [],
          "failureMessages": [],
          "fullName": "Suite 3: Deposit Internet Banking TC3.5: ibanking - DongA",
          "invocations": 1,
          "location": null,
          "numPassingAsserts": 0,
          "status": "pending",
          "title": "TC3.5: ibanking - DongA"
        },
        {
          "ancestorTitles": [
            "Suite 3: Deposit Internet Banking"
          ],
          "duration": null,
          "failureDetails": [],
          "failureMessages": [],
          "fullName": "Suite 3: Deposit Internet Banking TC3.6: ibanking - Techcombank",
          "invocations": 1,
          "location": null,
          "numPassingAsserts": 0,
          "status": "pending",
          "title": "TC3.6: ibanking - Techcombank"
        },
        {
          "ancestorTitles": [
            "Suite 3: Deposit Internet Banking"
          ],
          "duration": null,
          "failureDetails": [],
          "failureMessages": [],
          "fullName": "Suite 3: Deposit Internet Banking TC3.7: ibanking - Sacombank",
          "invocations": 1,
          "location": null,
          "numPassingAsserts": 0,
          "status": "pending",
          "title": "TC3.7: ibanking - Sacombank"
        },
        {
          "ancestorTitles": [
            "Suite 4: Deposit ATM"
          ],
          "duration": null,
          "failureDetails": [],
          "failureMessages": [],
          "fullName": "Suite 4: Deposit ATM TC4.1: ATM - ACB",
          "invocations": 1,
          "location": null,
          "numPassingAsserts": 0,
          "status": "pending",
          "title": "TC4.1: ATM - ACB"
        },
        {
          "ancestorTitles": [
            "Suite 4: Deposit ATM"
          ],
          "duration": null,
          "failureDetails": [],
          "failureMessages": [],
          "fullName": "Suite 4: Deposit ATM TC4.2: ATM - BIDV",
          "invocations": 1,
          "location": null,
          "numPassingAsserts": 0,
          "status": "pending",
          "title": "TC4.2: ATM - BIDV"
        },
        {
          "ancestorTitles": [
            "Suite 4: Deposit ATM"
          ],
          "duration": null,
          "failureDetails": [],
          "failureMessages": [],
          "fullName": "Suite 4: Deposit ATM TC4.3: ATM - Vietinbank",
          "invocations": 1,
          "location": null,
          "numPassingAsserts": 0,
          "status": "pending",
          "title": "TC4.3: ATM - Vietinbank"
        },
        {
          "ancestorTitles": [
            "Suite 4: Deposit ATM"
          ],
          "duration": null,
          "failureDetails": [],
          "failureMessages": [],
          "fullName": "Suite 4: Deposit ATM TC4.4: ATM - Vietcombank",
          "invocations": 1,
          "location": null,
          "numPassingAsserts": 0,
          "status": "pending",
          "title": "TC4.4: ATM - Vietcombank"
        },
        {
          "ancestorTitles": [
            "Suite 4: Deposit ATM"
          ],
          "duration": null,
          "failureDetails": [],
          "failureMessages": [],
          "fullName": "Suite 4: Deposit ATM TC4.5: ATM - DongA",
          "invocations": 1,
          "location": null,
          "numPassingAsserts": 0,
          "status": "pending",
          "title": "TC4.5: ATM - DongA"
        },
        {
          "ancestorTitles": [
            "Suite 4: Deposit ATM"
          ],
          "duration": null,
          "failureDetails": [],
          "failureMessages": [],
          "fullName": "Suite 4: Deposit ATM TC4.6: ATM - Techcombank",
          "invocations": 1,
          "location": null,
          "numPassingAsserts": 0,
          "status": "pending",
          "title": "TC4.6: ATM - Techcombank"
        },
        {
          "ancestorTitles": [
            "Suite 4: Deposit ATM"
          ],
          "duration": null,
          "failureDetails": [],
          "failureMessages": [],
          "fullName": "Suite 4: Deposit ATM TC4.7: ATM - Sacombank",
          "invocations": 1,
          "location": null,
          "numPassingAsserts": 0,
          "status": "pending",
          "title": "TC4.7: ATM - Sacombank"
        },
        {
          "ancestorTitles": [
            "Suite 5: Deposit Bank - Tai Quay"
          ],
          "duration": null,
          "failureDetails": [],
          "failureMessages": [],
          "fullName": "Suite 5: Deposit Bank - Tai Quay TC5.1: banking - ACB",
          "invocations": 1,
          "location": null,
          "numPassingAsserts": 0,
          "status": "pending",
          "title": "TC5.1: banking - ACB"
        },
        {
          "ancestorTitles": [
            "Suite 5: Deposit Bank - Tai Quay"
          ],
          "duration": null,
          "failureDetails": [],
          "failureMessages": [],
          "fullName": "Suite 5: Deposit Bank - Tai Quay TC5.2: banking - BIDV",
          "invocations": 1,
          "location": null,
          "numPassingAsserts": 0,
          "status": "pending",
          "title": "TC5.2: banking - BIDV"
        },
        {
          "ancestorTitles": [
            "Suite 5: Deposit Bank - Tai Quay"
          ],
          "duration": null,
          "failureDetails": [],
          "failureMessages": [],
          "fullName": "Suite 5: Deposit Bank - Tai Quay TC5.3: banking - Vietinbank",
          "invocations": 1,
          "location": null,
          "numPassingAsserts": 0,
          "status": "pending",
          "title": "TC5.3: banking - Vietinbank"
        },
        {
          "ancestorTitles": [
            "Suite 5: Deposit Bank - Tai Quay"
          ],
          "duration": null,
          "failureDetails": [],
          "failureMessages": [],
          "fullName": "Suite 5: Deposit Bank - Tai Quay TC5.4: banking - Vietcombank",
          "invocations": 1,
          "location": null,
          "numPassingAsserts": 0,
          "status": "pending",
          "title": "TC5.4: banking - Vietcombank"
        },
        {
          "ancestorTitles": [
            "Suite 5: Deposit Bank - Tai Quay"
          ],
          "duration": null,
          "failureDetails": [],
          "failureMessages": [],
          "fullName": "Suite 5: Deposit Bank - Tai Quay TC5.5: banking - DongA",
          "invocations": 1,
          "location": null,
          "numPassingAsserts": 0,
          "status": "pending",
          "title": "TC5.5: banking - DongA"
        },
        {
          "ancestorTitles": [
            "Suite 5: Deposit Bank - Tai Quay"
          ],
          "duration": null,
          "failureDetails": [],
          "failureMessages": [],
          "fullName": "Suite 5: Deposit Bank - Tai Quay TC5.6: banking - Techcombank",
          "invocations": 1,
          "location": null,
          "numPassingAsserts": 0,
          "status": "pending",
          "title": "TC5.6: banking - Techcombank"
        },
        {
          "ancestorTitles": [
            "Suite 5: Deposit Bank - Tai Quay"
          ],
          "duration": null,
          "failureDetails": [],
          "failureMessages": [],
          "fullName": "Suite 5: Deposit Bank - Tai Quay TC5.7: DIB - Sacombank",
          "invocations": 1,
          "location": null,
          "numPassingAsserts": 0,
          "status": "pending",
          "title": "TC5.7: DIB - Sacombank"
        },
        {
          "ancestorTitles": [
            "Suite 6: Deposit PAYWIN - smartpay"
          ],
          "duration": null,
          "failureDetails": [],
          "failureMessages": [],
          "fullName": "Suite 6: Deposit PAYWIN - smartpay TC6.1: smartpay - BIDV",
          "invocations": 1,
          "location": null,
          "numPassingAsserts": 0,
          "status": "pending",
          "title": "TC6.1: smartpay - BIDV"
        },
        {
          "ancestorTitles": [
            "Suite 6: Deposit PAYWIN - smartpay"
          ],
          "duration": null,
          "failureDetails": [],
          "failureMessages": [],
          "fullName": "Suite 6: Deposit PAYWIN - smartpay TC6.2: smartpay - ATM",
          "invocations": 1,
          "location": null,
          "numPassingAsserts": 0,
          "status": "pending",
          "title": "TC6.2: smartpay - ATM"
        },
        {
          "ancestorTitles": [
            "Suite 7: Deposit CARD - Nap the cao"
          ],
          "duration": null,
          "failureDetails": [],
          "failureMessages": [],
          "fullName": "Suite 7: Deposit CARD - Nap the cao TC7.1: card - Viettel",
          "invocations": 1,
          "location": null,
          "numPassingAsserts": 0,
          "status": "pending",
          "title": "TC7.1: card - Viettel"
        },
        {
          "ancestorTitles": [
            "Suite 8: Deposit MOMO"
          ],
          "duration": null,
          "failureDetails": [],
          "failureMessages": [],
          "fullName": "Suite 8: Deposit MOMO TC8.1: momo",
          "invocations": 1,
          "location": null,
          "numPassingAsserts": 0,
          "status": "pending",
          "title": "TC8.1: momo"
        },
        {
          "ancestorTitles": [
            "Suite 9: Withdraw BANKS"
          ],
          "duration": 1315,
          "failureDetails": [],
          "failureMessages": [],
          "fullName": "Suite 9: Withdraw BANKS TC9.1: Withdraw with DongA bank",
          "invocations": 1,
          "location": null,
          "numPassingAsserts": 0,
          "status": "passed",
          "title": "TC9.1: Withdraw with DongA bank"
        },
        {
          "ancestorTitles": [
            "Suite 10: Withdraw CARDS"
          ],
          "duration": null,
          "failureDetails": [],
          "failureMessages": [],
          "fullName": "Suite 10: Withdraw CARDS TC10.1: Viettel",
          "invocations": 1,
          "location": null,
          "numPassingAsserts": 0,
          "status": "pending",
          "title": "TC10.1: Viettel"
        },
        {
          "ancestorTitles": [
            "Suite 11: Update User Infor"
          ],
          "duration": null,
          "failureDetails": [],
          "failureMessages": [],
          "fullName": "Suite 11: Update User Infor TC11.1: Update User Infor",
          "invocations": 1,
          "location": null,
          "numPassingAsserts": 0,
          "status": "pending",
          "title": "TC11.1: Update User Infor"
        },
        {
          "ancestorTitles": [
            "Suite 15: Account"
          ],
          "duration": null,
          "failureDetails": [],
          "failureMessages": [],
          "fullName": "Suite 15: Account TC15.1: indexaccount",
          "invocations": 1,
          "location": null,
          "numPassingAsserts": 0,
          "status": "pending",
          "title": "TC15.1: indexaccount"
        },
        {
          "ancestorTitles": [
            "Suite 15: Account"
          ],
          "duration": null,
          "failureDetails": [],
          "failureMessages": [],
          "fullName": "Suite 15: Account TC15.2: lichsucacuoc",
          "invocations": 1,
          "location": null,
          "numPassingAsserts": 0,
          "status": "pending",
          "title": "TC15.2: lichsucacuoc"
        },
        {
          "ancestorTitles": [
            "Suite 15: Account"
          ],
          "duration": null,
          "failureDetails": [],
          "failureMessages": [],
          "fullName": "Suite 15: Account TC15.3: lichsupsport",
          "invocations": 1,
          "location": null,
          "numPassingAsserts": 0,
          "status": "pending",
          "title": "TC15.3: lichsupsport"
        },
        {
          "ancestorTitles": [
            "Suite 15: Account"
          ],
          "duration": null,
          "failureDetails": [],
          "failureMessages": [],
          "fullName": "Suite 15: Account TC15.4: lichsugiaodich",
          "invocations": 1,
          "location": null,
          "numPassingAsserts": 0,
          "status": "pending",
          "title": "TC15.4: lichsugiaodich"
        },
        {
          "ancestorTitles": [
            "Suite 15: Account"
          ],
          "duration": null,
          "failureDetails": [],
          "failureMessages": [],
          "fullName": "Suite 15: Account TC15.5: Get user waller",
          "invocations": 1,
          "location": null,
          "numPassingAsserts": 0,
          "status": "pending",
          "title": "TC15.5: Get user waller"
        }
      ],
      "failureMessage": null
    }
  ],
  "wasInterrupted": false,
  "coverageMap": {
    "C:\\Users\\macwin\\Desktop\\dubai\\apiAuto-master\\apiTesting\\apiList\\apiDubai.js": {
      "path": "C:\\Users\\macwin\\Desktop\\dubai\\apiAuto-master\\apiTesting\\apiList\\apiDubai.js",
      "statementMap": {
        "0": {
          "start": {
            "line": 2,
            "column": 0
          },
          "end": {
            "line": 79,
            "column": 1
          }
        }
      },
      "fnMap": {},
      "branchMap": {},
      "s": {
        "0": 1
      },
      "f": {},
      "b": {},
      "_coverageSchema": "1a1c01bbd47fc00a2c39e90264f33305004495a9",
      "hash": "a53b78caefcf487cee6f87c845cbe280206ad9e5"
    },
    "C:\\Users\\macwin\\Desktop\\dubai\\apiAuto-master\\apiTesting\\testData\\dataDubai.js": {
      "path": "C:\\Users\\macwin\\Desktop\\dubai\\apiAuto-master\\apiTesting\\testData\\dataDubai.js",
      "statementMap": {
        "0": {
          "start": {
            "line": 4,
            "column": 12
          },
          "end": {
            "line": 4,
            "column": 28
          }
        },
        "1": {
          "start": {
            "line": 5,
            "column": 24
          },
          "end": {
            "line": 5,
            "column": 51
          }
        },
        "2": {
          "start": {
            "line": 7,
            "column": 0
          },
          "end": {
            "line": 39,
            "column": 1
          }
        }
      },
      "fnMap": {},
      "branchMap": {},
      "s": {
        "0": 1,
        "1": 1,
        "2": 1
      },
      "f": {},
      "b": {},
      "_coverageSchema": "1a1c01bbd47fc00a2c39e90264f33305004495a9",
      "hash": "dd963b26ee6ff79de382261131b0836d34aec4a2"
    }
  }
}